set -e; avr-gcc -MM -mmcu=atmega16 -I. -O0 -gstabs -std=gnu99  -funsigned-char -funsigned-bitfields -fpack-struct -fshort-enums  -Wall -Wstrict-prototypes  -Wa,-adhlns=program.lst   program.c \
	| sed 's,\(.*\)\.o[ :]*,\1.o \1.d : ,g' > program.d; \
	[ -s program.d ] || rm -f program.d

-------- begin --------
avr-gcc (WinAVR 20100110) 4.3.3
Copyright (C) 2008 Free Software Foundation, Inc.
This is free software; see the source for copying conditions.  There is NO
warranty; not even for MERCHANTABILITY or FITNESS FOR A PARTICULAR PURPOSE.


Compiling: program.c
avr-gcc -c -mmcu=atmega16 -I. -O0 -gstabs -std=gnu99  -funsigned-char -funsigned-bitfields -fpack-struct -fshort-enums  -Wall -Wstrict-prototypes  -Wa,-adhlns=program.lst   program.c -o program.o
In file included from program.c:19:
c:/winavr/lib/gcc/../../avr/include/util/delay.h:85:3: warning: #warning "F_CPU not defined for <util/delay.h>"
c:/winavr/lib/gcc/../../avr/include/util/delay.h:90:3: warning: #warning "Compiler optimizations disabled; functions from <util/delay.h> won't work as designed"
program.c:36: warning: function declaration isn't a prototype
program.c:37: warning: function declaration isn't a prototype
program.c:49: warning: function declaration isn't a prototype
program.c:70: warning: function declaration isn't a prototype
program.c:150: warning: function declaration isn't a prototype

Linking: my_idea.elf
avr-gcc -mmcu=atmega16 -I. -O0 -gstabs -std=gnu99  -funsigned-char -funsigned-bitfields -fpack-struct -fshort-enums  -Wall -Wstrict-prototypes  -Wa,-adhlns=program.o   program.o  --output my_idea.elf -lm -Wl,-Map=my_idea.map -Wl,--cref

Creating load file for Flash: my_idea.hex
avr-objcopy -O ihex -R .eeprom my_idea.elf my_idea.hex

Creating load file for EEPROM: my_idea.eep
avr-objcopy -j .eeprom --set-section-flags=.eeprom="alloc,load" \
	--change-section-lma .eeprom=0 -O ihex my_idea.elf my_idea.eep
c:\winavr\bin\avr-objcopy.exe: --change-section-lma .eeprom=0x00000000 never used

Creating Extended Listing: my_idea.lss
avr-objdump -h -S my_idea.elf > my_idea.lss

Creating Symbol Table: my_idea.sym
avr-nm -n my_idea.elf > my_idea.sym

Converting to AVR COFF: my_idea.cof
avr-objcopy --debugging --change-section-address .data-0x800000 --change-section-address .bss-0x800000 --change-section-address .noinit-0x800000 --change-section-address .eeprom-0x810000 -O coff-ext-avr my_idea.elf my_idea.cof   # Extended COFF. Supported in VMLAB from rel. 3.10
Discarding local symbol outside any compilation unit: .do_copy_data_start
Discarding local symbol outside any compilation unit: .do_copy_data_loop
c:\winavr\bin\avr-objcopy.exe: --change-section-vma .eeprom+0xff7f0000 never used
c:\winavr\bin\avr-objcopy.exe: --change-section-lma .eeprom+0xff7f0000 never used
c:\winavr\bin\avr-objcopy.exe: --change-section-vma .noinit+0xff800000 never used
c:\winavr\bin\avr-objcopy.exe: --change-section-lma .noinit+0xff800000 never used
c:\winavr\bin\avr-objcopy.exe: --change-section-vma .bss+0xff800000 never used
c:\winavr\bin\avr-objcopy.exe: --change-section-lma .bss+0xff800000 never used

Size after:
my_idea.elf  :
section     size      addr
.text       4474         0
.data         16   8388704
.stab       4032         0
.stabstr    1939         0
Total      10461



Errors: none
-------- end --------

